# JRE version: Java(TM) SE Runtime Environment (8.0_201-b09) (build 1.8.0_201-b09)
# Java VM: Java HotSpot(TM) 64-Bit Server VM (25.201-b09 mixed mode windows-amd64 compressed oops)
Heap:
 PSYoungGen      total 556032K, used 397993K [0x00000000d5f80000, 0x00000000ff180000, 0x0000000100000000)
  eden space 554496K, 71% used [0x00000000d5f80000,0x00000000ee322548,0x00000000f7d00000)
  from space 1536K, 68% used [0x00000000fe280000,0x00000000fe388098,0x00000000fe400000)
  to   space 11264K, 0% used [0x00000000fe680000,0x00000000fe680000,0x00000000ff180000)
 ParOldGen       total 87552K, used 9249K [0x0000000081e00000, 0x0000000087380000, 0x00000000d5f80000)
  object space 87552K, 10% used [0x0000000081e00000,0x0000000082708720,0x0000000087380000)
 Metaspace       used 16471K, capacity 16673K, committed 16896K, reserved 1064960K
  class space    used 1646K, capacity 1734K, committed 1792K, reserved 1048576K
GC Heap History (10 events):
Event: 5.912 GC heap before
{Heap before GC invocations=13 (full 0):
 PSYoungGen      total 680448K, used 673042K [0x00000000d5f80000, 0x0000000100000000, 0x0000000100000000)
  eden space 672256K, 100% used [0x00000000d5f80000,0x00000000ff000000,0x00000000ff000000)
  from space 8192K, 9% used [0x00000000ff800000,0x00000000ff8c4970,0x0000000100000000)
  to   space 8192K, 0% used [0x00000000ff000000,0x00000000ff000000,0x00000000ff800000)
 ParOldGen       total 87552K, used 6171K [0x0000000081e00000, 0x0000000087380000, 0x00000000d5f80000)
  object space 87552K, 7% used [0x0000000081e00000,0x0000000082406d70,0x0000000087380000)
 Metaspace       used 15709K, capacity 15951K, committed 16128K, reserved 1062912K
  class space    used 1587K, capacity 1667K, committed 1792K, reserved 1048576K
Event: 5.916 GC heap after
Heap after GC invocations=13 (full 0):
 PSYoungGen      total 680448K, used 4601K [0x00000000d5f80000, 0x0000000100000000, 0x0000000100000000)
  eden space 672256K, 0% used [0x00000000d5f80000,0x00000000d5f80000,0x00000000ff000000)
  from space 8192K, 56% used [0x00000000ff000000,0x00000000ff47e6a8,0x00000000ff800000)
  to   space 8192K, 0% used [0x00000000ff800000,0x00000000ff800000,0x0000000100000000)
 ParOldGen       total 87552K, used 6195K [0x0000000081e00000, 0x0000000087380000, 0x00000000d5f80000)
  object space 87552K, 7% used [0x0000000081e00000,0x000000008240cd70,0x0000000087380000)
 Metaspace       used 15709K, capacity 15951K, committed 16128K, reserved 1062912K
  class space    used 1587K, capacity 1667K, committed 1792K, reserved 1048576K
}
Event: 7.336 GC heap before
{Heap before GC invocations=14 (full 0):
 PSYoungGen      total 680448K, used 676857K [0x00000000d5f80000, 0x0000000100000000, 0x0000000100000000)
  eden space 672256K, 100% used [0x00000000d5f80000,0x00000000ff000000,0x00000000ff000000)
  from space 8192K, 56% used [0x00000000ff000000,0x00000000ff47e6a8,0x00000000ff800000)
  to   space 8192K, 0% used [0x00000000ff800000,0x00000000ff800000,0x0000000100000000)
 ParOldGen       total 87552K, used 6195K [0x0000000081e00000, 0x0000000087380000, 0x00000000d5f80000)
  object space 87552K, 7% used [0x0000000081e00000,0x000000008240cd70,0x0000000087380000)
 Metaspace       used 15734K, capacity 15951K, committed 16128K, reserved 1062912K
  class space    used 1587K, capacity 1667K, committed 1792K, reserved 1048576K
Event: 7.337 GC heap after
Heap after GC invocations=14 (full 0):
 PSYoungGen      total 641536K, used 662K [0x00000000d5f80000, 0x00000000ff900000, 0x0000000100000000)
  eden space 640512K, 0% used [0x00000000d5f80000,0x00000000d5f80000,0x00000000fd100000)
  from space 1024K, 64% used [0x00000000ff800000,0x00000000ff8a5ba8,0x00000000ff900000)
  to   space 8192K, 0% used [0x00000000fe900000,0x00000000fe900000,0x00000000ff100000)
 ParOldGen       total 87552K, used 6219K [0x0000000081e00000, 0x0000000087380000, 0x00000000d5f80000)
  object space 87552K, 7% used [0x0000000081e00000,0x0000000082412d70,0x0000000087380000)
 Metaspace       used 15734K, capacity 15951K, committed 16128K, reserved 1062912K
  class space    used 1587K, capacity 1667K, committed 1792K, reserved 1048576K
}
Event: 9.075 GC heap before
{Heap before GC invocations=15 (full 0):
 PSYoungGen      total 641536K, used 641174K [0x00000000d5f80000, 0x00000000ff900000, 0x0000000100000000)
  eden space 640512K, 100% used [0x00000000d5f80000,0x00000000fd100000,0x00000000fd100000)
  from space 1024K, 64% used [0x00000000ff800000,0x00000000ff8a5ba8,0x00000000ff900000)
  to   space 8192K, 0% used [0x00000000fe900000,0x00000000fe900000,0x00000000ff100000)
 ParOldGen       total 87552K, used 6219K [0x0000000081e00000, 0x0000000087380000, 0x00000000d5f80000)
  object space 87552K, 7% used [0x0000000081e00000,0x0000000082412d70,0x0000000087380000)
 Metaspace       used 15917K, capacity 16143K, committed 16384K, reserved 1064960K
  class space    used 1603K, capacity 1667K, committed 1792K, reserved 1048576K
Event: 9.078 GC heap after
Heap after GC invocations=15 (full 0):
 PSYoungGen      total 618496K, used 8176K [0x00000000d5f80000, 0x00000000ff880000, 0x0000000100000000)
  eden space 610304K, 0% used [0x00000000d5f80000,0x00000000d5f80000,0x00000000fb380000)
  from space 8192K, 99% used [0x00000000fe900000,0x00000000ff0fc010,0x00000000ff100000)
  to   space 7680K, 0% used [0x00000000ff100000,0x00000000ff100000,0x00000000ff880000)
 ParOldGen       total 87552K, used 9097K [0x0000000081e00000, 0x0000000087380000, 0x00000000d5f80000)
  object space 87552K, 10% used [0x0000000081e00000,0x00000000826e2700,0x0000000087380000)
 Metaspace       used 15917K, capacity 16143K, committed 16384K, reserved 1064960K
  class space    used 1603K, capacity 1667K, committed 1792K, reserved 1048576K
}
Event: 12.693 GC heap before
{Heap before GC invocations=16 (full 0):
 PSYoungGen      total 618496K, used 618480K [0x00000000d5f80000, 0x00000000ff880000, 0x0000000100000000)
  eden space 610304K, 100% used [0x00000000d5f80000,0x00000000fb380000,0x00000000fb380000)
  from space 8192K, 99% used [0x00000000fe900000,0x00000000ff0fc010,0x00000000ff100000)
  to   space 7680K, 0% used [0x00000000ff100000,0x00000000ff100000,0x00000000ff880000)
 ParOldGen       total 87552K, used 9097K [0x0000000081e00000, 0x0000000087380000, 0x00000000d5f80000)
  object space 87552K, 10% used [0x0000000081e00000,0x00000000826e2700,0x0000000087380000)
 Metaspace       used 15929K, capacity 16143K, committed 16384K, reserved 1064960K
  class space    used 1603K, capacity 1667K, committed 1792K, reserved 1048576K
Event: 12.697 GC heap after
Heap after GC invocations=16 (full 0):
 PSYoungGen      total 589312K, used 7536K [0x00000000d5f80000, 0x00000000ff880000, 0x0000000100000000)
  eden space 581632K, 0% used [0x00000000d5f80000,0x00000000d5f80000,0x00000000f9780000)
  from space 7680K, 98% used [0x00000000ff100000,0x00000000ff85c010,0x00000000ff880000)
  to   space 11264K, 0% used [0x00000000fe280000,0x00000000fe280000,0x00000000fed80000)
 ParOldGen       total 87552K, used 9177K [0x0000000081e00000, 0x0000000087380000, 0x00000000d5f80000)
  object space 87552K, 10% used [0x0000000081e00000,0x00000000826f6710,0x0000000087380000)
 Metaspace       used 15929K, capacity 16143K, committed 16384K, reserved 1064960K
  class space    used 1603K, capacity 1667K, committed 1792K, reserved 1048576K
}
Event: 15.125 GC heap before
{Heap before GC invocations=17 (full 0):
 PSYoungGen      total 589312K, used 589168K [0x00000000d5f80000, 0x00000000ff880000, 0x0000000100000000)
  eden space 581632K, 100% used [0x00000000d5f80000,0x00000000f9780000,0x00000000f9780000)
  from space 7680K, 98% used [0x00000000ff100000,0x00000000ff85c010,0x00000000ff880000)
  to   space 11264K, 0% used [0x00000000fe280000,0x00000000fe280000,0x00000000fed80000)
 ParOldGen       total 87552K, used 9177K [0x0000000081e00000, 0x0000000087380000, 0x00000000d5f80000)
  object space 87552K, 10% used [0x0000000081e00000,0x00000000826f6710,0x0000000087380000)
 Metaspace       used 15970K, capacity 16143K, committed 16384K, reserved 1064960K
  class space    used 1605K, capacity 1667K, committed 1792K, reserved 1048576K
Event: 15.128 GC heap after
Heap after GC invocations=17 (full 0):
 PSYoungGen      total 556032K, used 1056K [0x00000000d5f80000, 0x00000000ff180000, 0x0000000100000000)
  eden space 554496K, 0% used [0x00000000d5f80000,0x00000000d5f80000,0x00000000f7d00000)
  from space 1536K, 68% used [0x00000000fe280000,0x00000000fe388098,0x00000000fe400000)
  to   space 11264K, 0% used [0x00000000fe680000,0x00000000fe680000,0x00000000ff180000)
 ParOldGen       total 87552K, used 9249K [0x0000000081e00000, 0x0000000087380000, 0x00000000d5f80000)
  object space 87552K, 10% used [0x0000000081e00000,0x0000000082708720,0x0000000087380000)
 Metaspace       used 15970K, capacity 16143K, committed 16384K, reserved 1064960K
  class space    used 1605K, capacity 1667K, committed 1792K, reserved 1048576K
}

